\BOOKMARK [1][-]{section.1}{Introduction}{}% 1
\BOOKMARK [1][-]{section.2}{High Performance Computing}{}% 2
\BOOKMARK [2][-]{subsection.2.1}{Queues}{section.2}% 3
\BOOKMARK [2][-]{subsection.2.2}{Jobscripts}{section.2}% 4
\BOOKMARK [2][-]{subsection.2.3}{System Specific Settings}{section.2}% 5
\BOOKMARK [2][-]{subsection.2.4}{Terminals}{section.2}% 6
\BOOKMARK [2][-]{subsection.2.5}{Logging into the cluster/supercomputer}{section.2}% 7
\BOOKMARK [2][-]{subsection.2.6}{Configuration of .cshrc file}{section.2}% 8
\BOOKMARK [1][-]{section.3}{Linux}{}% 9
\BOOKMARK [2][-]{subsubsection.3.0.1}{Basic bash shell commands}{section.3}% 10
\BOOKMARK [3][-]{subsubsection.3.0.2}{Text editors}{subsubsection.3.0.1}% 11
\BOOKMARK [1][-]{section.4}{Python}{}% 12
\BOOKMARK [2][-]{subsection.4.1}{Introduction}{section.4}% 13
\BOOKMARK [2][-]{subsection.4.2}{Common used commands and basics}{section.4}% 14
\BOOKMARK [3][-]{subsubsection.4.2.1}{Print}{subsection.4.2}% 15
\BOOKMARK [3][-]{subsubsection.4.2.2}{Arrays and Dictionaries}{subsection.4.2}% 16
\BOOKMARK [3][-]{subsubsection.4.2.3}{Variable definition}{subsection.4.2}% 17
\BOOKMARK [2][-]{subsection.4.3}{Loading python modules and functions}{section.4}% 18
\BOOKMARK [2][-]{subsection.4.4}{Simple data manipulation example}{section.4}% 19
\BOOKMARK [1][-]{section.5}{Atomic Simulation Environment \(ASE\)}{}% 20
\BOOKMARK [2][-]{subsubsection.5.0.1}{Installing ASE}{section.5}% 21
\BOOKMARK [3][-]{subsubsection.5.0.2}{Reading and Viewing simple atoms files}{subsubsection.5.0.1}% 22
\BOOKMARK [3][-]{subsubsection.5.0.3}{Building gas phase molecules}{subsubsection.5.0.1}% 23
